[ERROR] 2018-02-12 11:45:05,709(1) cn.cjp.utils.JacksonUtil.fromJson(JacksonUtil.java:197) –> [main] Can not deserialize instance of java.util.ArrayList out of START_OBJECT token
 at [Source: java.io.StringReader@683dbc2c; line: 1, column: 1]  
org.codehaus.jackson.map.JsonMappingException: Can not deserialize instance of java.util.ArrayList out of START_OBJECT token
 at [Source: java.io.StringReader@683dbc2c; line: 1, column: 1]
	at org.codehaus.jackson.map.JsonMappingException.from(JsonMappingException.java:163)
	at org.codehaus.jackson.map.deser.StdDeserializationContext.mappingException(StdDeserializationContext.java:219)
	at org.codehaus.jackson.map.deser.StdDeserializationContext.mappingException(StdDeserializationContext.java:212)
	at org.codehaus.jackson.map.deser.std.CollectionDeserializer.handleNonArray(CollectionDeserializer.java:246)
	at org.codehaus.jackson.map.deser.std.CollectionDeserializer.deserialize(CollectionDeserializer.java:204)
	at org.codehaus.jackson.map.deser.std.CollectionDeserializer.deserialize(CollectionDeserializer.java:194)
	at org.codehaus.jackson.map.deser.std.CollectionDeserializer.deserialize(CollectionDeserializer.java:30)
	at org.codehaus.jackson.map.ObjectMapper._readMapAndClose(ObjectMapper.java:2732)
	at org.codehaus.jackson.map.ObjectMapper.readValue(ObjectMapper.java:1877)
	at cn.cjp.utils.JacksonUtil.fromJson(JacksonUtil.java:195)
	at cn.cjp.utils.JacksonUtilTest.test(JacksonUtilTest.java:21)
	at sun.reflect.NativeMethodAccessorImpl.invoke0(Native Method)
	at sun.reflect.NativeMethodAccessorImpl.invoke(NativeMethodAccessorImpl.java:62)
	at sun.reflect.DelegatingMethodAccessorImpl.invoke(DelegatingMethodAccessorImpl.java:43)
	at java.lang.reflect.Method.invoke(Method.java:483)
	at org.junit.runners.model.FrameworkMethod$1.runReflectiveCall(FrameworkMethod.java:50)
	at org.junit.internal.runners.model.ReflectiveCallable.run(ReflectiveCallable.java:12)
	at org.junit.runners.model.FrameworkMethod.invokeExplosively(FrameworkMethod.java:47)
	at org.junit.internal.runners.statements.InvokeMethod.evaluate(InvokeMethod.java:17)
	at org.junit.runners.ParentRunner.runLeaf(ParentRunner.java:325)
	at org.junit.runners.BlockJUnit4ClassRunner.runChild(BlockJUnit4ClassRunner.java:78)
	at org.junit.runners.BlockJUnit4ClassRunner.runChild(BlockJUnit4ClassRunner.java:57)
	at org.junit.runners.ParentRunner$3.run(ParentRunner.java:290)
	at org.junit.runners.ParentRunner$1.schedule(ParentRunner.java:71)
	at org.junit.runners.ParentRunner.runChildren(ParentRunner.java:288)
	at org.junit.runners.ParentRunner.access$000(ParentRunner.java:58)
	at org.junit.runners.ParentRunner$2.evaluate(ParentRunner.java:268)
	at org.junit.runners.ParentRunner.run(ParentRunner.java:363)
	at org.junit.runner.JUnitCore.run(JUnitCore.java:137)
	at com.intellij.junit4.JUnit4IdeaTestRunner.startRunnerWithArgs(JUnit4IdeaTestRunner.java:68)
	at com.intellij.rt.execution.junit.IdeaTestRunner$Repeater.startRunnerWithArgs(IdeaTestRunner.java:47)
	at com.intellij.rt.execution.junit.JUnitStarter.prepareStreamsAndStart(JUnitStarter.java:242)
	at com.intellij.rt.execution.junit.JUnitStarter.main(JUnitStarter.java:70)
[ERROR] 2018-02-12 11:45:52,376(0) cn.cjp.utils.JacksonUtil.fromJson(JacksonUtil.java:197) –> [main] Can not deserialize instance of java.util.ArrayList out of START_OBJECT token
 at [Source: java.io.StringReader@43738a82; line: 1, column: 1]  
org.codehaus.jackson.map.JsonMappingException: Can not deserialize instance of java.util.ArrayList out of START_OBJECT token
 at [Source: java.io.StringReader@43738a82; line: 1, column: 1]
	at org.codehaus.jackson.map.JsonMappingException.from(JsonMappingException.java:163)
	at org.codehaus.jackson.map.deser.StdDeserializationContext.mappingException(StdDeserializationContext.java:219)
	at org.codehaus.jackson.map.deser.StdDeserializationContext.mappingException(StdDeserializationContext.java:212)
	at org.codehaus.jackson.map.deser.std.CollectionDeserializer.handleNonArray(CollectionDeserializer.java:246)
	at org.codehaus.jackson.map.deser.std.CollectionDeserializer.deserialize(CollectionDeserializer.java:204)
	at org.codehaus.jackson.map.deser.std.CollectionDeserializer.deserialize(CollectionDeserializer.java:194)
	at org.codehaus.jackson.map.deser.std.CollectionDeserializer.deserialize(CollectionDeserializer.java:30)
	at org.codehaus.jackson.map.ObjectMapper._readMapAndClose(ObjectMapper.java:2732)
	at org.codehaus.jackson.map.ObjectMapper.readValue(ObjectMapper.java:1877)
	at cn.cjp.utils.JacksonUtil.fromJson(JacksonUtil.java:195)
	at cn.cjp.utils.JacksonUtilTest.test(JacksonUtilTest.java:22)
	at sun.reflect.NativeMethodAccessorImpl.invoke0(Native Method)
	at sun.reflect.NativeMethodAccessorImpl.invoke(NativeMethodAccessorImpl.java:62)
	at sun.reflect.DelegatingMethodAccessorImpl.invoke(DelegatingMethodAccessorImpl.java:43)
	at java.lang.reflect.Method.invoke(Method.java:483)
	at org.junit.runners.model.FrameworkMethod$1.runReflectiveCall(FrameworkMethod.java:50)
	at org.junit.internal.runners.model.ReflectiveCallable.run(ReflectiveCallable.java:12)
	at org.junit.runners.model.FrameworkMethod.invokeExplosively(FrameworkMethod.java:47)
	at org.junit.internal.runners.statements.InvokeMethod.evaluate(InvokeMethod.java:17)
	at org.junit.runners.ParentRunner.runLeaf(ParentRunner.java:325)
	at org.junit.runners.BlockJUnit4ClassRunner.runChild(BlockJUnit4ClassRunner.java:78)
	at org.junit.runners.BlockJUnit4ClassRunner.runChild(BlockJUnit4ClassRunner.java:57)
	at org.junit.runners.ParentRunner$3.run(ParentRunner.java:290)
	at org.junit.runners.ParentRunner$1.schedule(ParentRunner.java:71)
	at org.junit.runners.ParentRunner.runChildren(ParentRunner.java:288)
	at org.junit.runners.ParentRunner.access$000(ParentRunner.java:58)
	at org.junit.runners.ParentRunner$2.evaluate(ParentRunner.java:268)
	at org.junit.runners.ParentRunner.run(ParentRunner.java:363)
	at org.junit.runner.JUnitCore.run(JUnitCore.java:137)
	at com.intellij.junit4.JUnit4IdeaTestRunner.startRunnerWithArgs(JUnit4IdeaTestRunner.java:68)
	at com.intellij.rt.execution.junit.IdeaTestRunner$Repeater.startRunnerWithArgs(IdeaTestRunner.java:47)
	at com.intellij.rt.execution.junit.JUnitStarter.prepareStreamsAndStart(JUnitStarter.java:242)
	at com.intellij.rt.execution.junit.JUnitStarter.main(JUnitStarter.java:70)
